<?xml version="1.0" encoding="UTF-8"?>
<!-- Generated by org.testng.reporters.JUnitXMLReporter -->
<testsuite ignored="1" hostname="LAPTOP-DDRM0M9E" failures="0" tests="4" name="Test" time="0.209" errors="0" timestamp="2025-08-18T14:45:19 IST">
  <testcase classname="parabank.ParabankTest" name="@BeforeClass LaunchBrowser" time="-1.755508519726E9">
    <failure type="org.testng.TestNGException" message="
Parameter &amp;apos;browserName&amp;apos; is required by BeforeClass on method LaunchBrowser but has not been marked @Optional or defined
in C:\Users\saim0\git\repository5\DemoWebShopTesting\testng.xml">
      <![CDATA[org.testng.TestNGException: 
Parameter 'browserName' is required by BeforeClass on method LaunchBrowser but has not been marked @Optional or defined
in C:\Users\saim0\git\repository5\DemoWebShopTesting\testng.xml
at java.base/java.util.ArrayList.forEach(ArrayList.java:1597)
... Removed 22 stack frames]]>
    </failure>
  </testcase> <!-- @BeforeClass LaunchBrowser -->
  <testcase classname="parabank.ParabankTest" name="@AfterClass afterClass" time="0.0">
    <skipped/>
  </testcase> <!-- @AfterClass afterClass -->
  <testcase classname="parabank.ParabankTest" name="RegisterNewUser" time="0.001">
    <skipped/>
  </testcase> <!-- RegisterNewUser -->
  <testcase classname="parabank.ParabankTest" name="RegisterNewUser" time="0.001">
    <skipped/>
  </testcase> <!-- RegisterNewUser -->
  <testcase classname="parabank.ParabankTest" name="Login" time="0.0">
    <skipped/>
  </testcase> <!-- Login -->
  <testcase classname="parabank.ParabankTest" name="Login" time="0.0">
    <skipped/>
  </testcase> <!-- Login -->
  <testcase classname="parabank.ParabankTest" name="CustomerCare" time="0.0">
    <ignored/>
  </testcase> <!-- CustomerCare -->
</testsuite> <!-- Test -->
